Checker has failed. Below is the log of the checker
=============================================
rm -f queueClient queueClient.o
gcc -c -std=c99 -Wall queueClient.c
gcc -o queueClient queueClient.o
 45 42 21Case PCase DCase PCase DCase DCase PCase DCase D 32 2Case DCase PCase DCase DCase P 10Case PFile queue.c found
File queue.h found
File queueClient.c found
File README found
File Makefile found
File test-input.txt found
File test-output.txt found
======================================
All files are present in folder. Good!
======================================
make: ran successfully
queueClient was created
======================================
All executables created correctly. Better!
======================================
Error in output generation. The output file, out.txt, generated by your program has 0 lines
The correct output file has 20 lines
The following line should be present at line 0 of your output. But it is not.
enqueued 45


FAIL
==================================================
Final score:
0

=========================== 
Your homework was turned in late. Multiplying your score by 0.9 
Updated final score 
0
